        -:    0:Source:identifier.c
        -:    0:Graph:identifier.gcno
        -:    0:Data:identifier.gcda
        -:    0:Runs:1
        -:    0:Programs:1
        -:    1:#include <stdio.h>
        -:    2:
        1:    3:int valid_s (char ch){
        1:    4:	if (((ch >= 'A') && (ch <= 'Z')) || ((ch >= 'a') && (ch <= 'z')))
        1:    5:		return (1);    
        -:    6:	else       
    #####:    7:		return (0); 
        -:    8:} 
        -:    9:      
        2:   10:int valid_f(ch) char ch; {
       2*:   11:	if (((ch >= 'A') && (ch <= 'Z')) || ((ch >= 'a') && (ch <= 'z')) || ((ch >= '0') && (ch <= '9')))       
        2:   12:		return (1);    
        -:   13:	else        
    #####:   14:		return (0); 
        -:   15:}
        -:   16:
        1:   17:int main ()
        -:   18:{ 
        -:   19:	char  achar; 
        -:   20:	int   length, valid_id;
        1:   21:	length = 0;
        1:   22:	printf ("Identificador: ");
        1:   23:	achar = fgetc (stdin);
        1:   24:	valid_id = valid_s(achar);
        1:   25:	if (valid_id) 
        1:   26:		length = 1; 
        -:   27:		
        1:   28:	achar = fgetc (stdin);
        3:   29:	while (achar != '\n'){
        2:   30:		if (!(valid_f(achar))) 
    #####:   31:			valid_id = 0; 
        2:   32:		length++; 
        2:   33:		achar = fgetc (stdin);
        -:   34:	} 
        1:   35:	if (valid_id && (length >= 1) && (length < 6) ) {
        1:   36:		printf ("Valido\n"); 
        1:   37:        return 0;
        -:   38:    }else {
    #####:   39:		printf ("Invalido\n");	
    #####:   40:        return 1;
        -:   41:    }
        -:   42:
        -:   43:}
